<?xml version="1.0" encoding="UTF-8"?>
<!-- Generated by org.testng.reporters.JUnitXMLReporter -->
<testsuite hostname="DELL-PC" name="Testie" tests="5" failures="0" timestamp="19 Aug 2017 16:19:35 GMT" time="49.81" errors="0">
  <testcase name="invalidLogin" time="3.189" classname="projectScripts.Script_Login"/>
  <testcase name="invalidLogin" time="2.804" classname="projectScripts.Script_Login"/>
  <testcase name="validLogin" time="3.605" classname="projectScripts.Script_Login"/>
  <testcase name="invalidSearch" time="0.808" classname="projectScripts.Script_Search"/>
  <testcase name="validSearch" time="3.659" classname="projectScripts.Script_Search"/>
</testsuite> <!-- Testie -->
